<?xml version="1.0" encoding="UTF-8"?>
<testsuite xmlns:xsi="http://www.w3.org/2001/XMLSchema-instance" xsi:noNamespaceSchemaLocation="https://maven.apache.org/surefire/maven-surefire-plugin/xsd/surefire-test-report.xsd" name="edu.westga.cs3211.discount_Finder.test.model.discount_Finder.TestItem.TestFindDiscountsForItem" time="0.001" tests="6" errors="0" skipped="0" failures="0">
  <properties>
[...]
</properties>
  <testcase name="TestAllItemDiscountedAndOneWantedItem" classname="edu.westga.cs3211.discount_Finder.test.model.discount_Finder.TestItem.TestFindDiscountsForItem" time="0"/>
  <testcase name="TestNoItemDiscountedAndWantedItem" classname="edu.westga.cs3211.discount_Finder.test.model.discount_Finder.TestItem.TestFindDiscountsForItem" time="0"/>
  <testcase name="TestEveryItemDiscountedAndNoWantedItem" classname="edu.westga.cs3211.discount_Finder.test.model.discount_Finder.TestItem.TestFindDiscountsForItem" time="0"/>
  <testcase name="TestOneItemDiscountedAndAllWantedItem" classname="edu.westga.cs3211.discount_Finder.test.model.discount_Finder.TestItem.TestFindDiscountsForItem" time="0"/>
  <testcase name="TestNoItemDiscountedAndNoWantedItem" classname="edu.westga.cs3211.discount_Finder.test.model.discount_Finder.TestItem.TestFindDiscountsForItem" time="0"/>
  <testcase name="TestEveryItemDiscountedAndWanted" classname="edu.westga.cs3211.discount_Finder.test.model.discount_Finder.TestItem.TestFindDiscountsForItem" time="0"/>
</testsuite>