GROUP,PACKAGE,CLASS,INSTRUCTION_MISSED,INSTRUCTION_COVERED,BRANCH_MISSED,BRANCH_COVERED,LINE_MISSED,LINE_COVERED,COMPLEXITY_MISSED,COMPLEXITY_COVERED,METHOD_MISSED,METHOD_COVERED
Sample-Code-Coverage-Project,edu.westga.cs3211.discount_Finder.view.codebehind,DiscountFinderCodeBehind,142,0,0,0,29,0,6,0,6,0
Sample-Code-Coverage-Project,edu.westga.cs3211.discount_Finder,Main,27,0,0,0,9,0,3,0,3,0
Sample-Code-Coverage-Project,edu.westga.cs3211.discount_Finder.model,DiscountFinder,7,75,0,10,2,16,2,10,2,5
Sample-Code-Coverage-Project,edu.westga.cs3211.discount_Finder.model,Item,0,63,0,8,0,20,0,10,0,6
