GROUP,PACKAGE,CLASS,INSTRUCTION_MISSED,INSTRUCTION_COVERED,BRANCH_MISSED,BRANCH_COVERED,LINE_MISSED,LINE_COVERED,COMPLEXITY_MISSED,COMPLEXITY_COVERED,METHOD_MISSED,METHOD_COVERED
Sample-Code-Coverage-Project,edu.westga.cs3211.discountFinder.model,Category,54,0,0,0,2,0,1,0,1,0
Sample-Code-Coverage-Project,edu.westga.cs3211.discountFinder.model,Item,65,0,4,0,16,0,7,0,5,0
Sample-Code-Coverage-Project,edu.westga.cs3211.discountFinder.model,Seller,25,0,0,0,9,0,4,0,4,0
Sample-Code-Coverage-Project,edu.westga.cs3211.discountFinder.model,DiscountFinder,27,0,0,0,8,0,5,0,5,0
Sample-Code-Coverage-Project,edu.westga.cs3211.discountFinder.model,CreateDiscountList,137,0,0,0,25,0,2,0,2,0
Sample-Code-Coverage-Project,edu.westga.cs3211.discountFinder.view.codebehind,MainWindow,81,0,0,0,22,0,10,0,10,0
Sample-Code-Coverage-Project,edu.westga.cs3211.discountFinder,Main,27,0,0,0,9,0,3,0,3,0
