GROUP,PACKAGE,CLASS,INSTRUCTION_MISSED,INSTRUCTION_COVERED,BRANCH_MISSED,BRANCH_COVERED,LINE_MISSED,LINE_COVERED,COMPLEXITY_MISSED,COMPLEXITY_COVERED,METHOD_MISSED,METHOD_COVERED
Sample-Code-Coverage-Project,edu.westga.cs3211.discountFinder.model,Filter,0,174,0,28,0,36,0,21,0,6
Sample-Code-Coverage-Project,edu.westga.cs3211.discountFinder.model,Category,0,54,0,0,0,2,0,1,0,1
Sample-Code-Coverage-Project,edu.westga.cs3211.discountFinder.model,Item,0,62,0,4,0,13,0,7,0,5
Sample-Code-Coverage-Project,edu.westga.cs3211.discountFinder.model,Seller,0,47,0,6,0,16,0,8,0,5
Sample-Code-Coverage-Project,edu.westga.cs3211.discountFinder.model,DiscountFinder,0,22,0,0,0,6,0,3,0,3
Sample-Code-Coverage-Project,edu.westga.cs3211.discountFinder.model,CreateDiscountList,0,137,0,0,0,25,0,2,0,2
Sample-Code-Coverage-Project,edu.westga.cs3211.discountFinder.model,DistanceEnum,0,44,0,0,0,2,0,1,0,1
Sample-Code-Coverage-Project,edu.westga.cs3211.discountFinder.view.codebehind,MainWindow,250,0,20,0,58,0,24,0,14,0
Sample-Code-Coverage-Project,edu.westga.cs3211.discountFinder,Main,27,0,0,0,9,0,3,0,3,0
